The system is: Linux - 3.13.0-37-generic - x86_64
Compiling the C compiler identification source file "CMakeCCompilerId.c" succeeded.
Compiler: /usr/bin/cc 
Build flags: 
Id flags: 

The output was:
0


Compilation of the C compiler identification source "CMakeCCompilerId.c" produced "a.out"

The C compiler identification is GNU, found in "/home/isovic/work/eclipse-workspace/graphmap/libs/libdivsufsort-2.0.1/build/CMakeFiles/2.8.12.2/CompilerIdC/a.out"

Determining if the C compiler works passed with the following output:
Change Dir: /home/isovic/work/eclipse-workspace/graphmap/libs/libdivsufsort-2.0.1/build/CMakeFiles/CMakeTmp

Run Build Command:/usr/bin/make "cmTryCompileExec1355329141/fast"
make[1]: Entering directory `/home/isovic/work/eclipse-workspace/graphmap/libs/libdivsufsort-2.0.1/build/CMakeFiles/CMakeTmp'
/usr/bin/make -f CMakeFiles/cmTryCompileExec1355329141.dir/build.make CMakeFiles/cmTryCompileExec1355329141.dir/build
make[2]: Entering directory `/home/isovic/work/eclipse-workspace/graphmap/libs/libdivsufsort-2.0.1/build/CMakeFiles/CMakeTmp'
/usr/bin/cmake -E cmake_progress_report /home/isovic/work/eclipse-workspace/graphmap/libs/libdivsufsort-2.0.1/build/CMakeFiles/CMakeTmp/CMakeFiles 1
Building C object CMakeFiles/cmTryCompileExec1355329141.dir/testCCompiler.c.o
/usr/bin/cc    -o CMakeFiles/cmTryCompileExec1355329141.dir/testCCompiler.c.o   -c /home/isovic/work/eclipse-workspace/graphmap/libs/libdivsufsort-2.0.1/build/CMakeFiles/CMakeTmp/testCCompiler.c
Linking C executable cmTryCompileExec1355329141
/usr/bin/cmake -E cmake_link_script CMakeFiles/cmTryCompileExec1355329141.dir/link.txt --verbose=1
/usr/bin/cc       CMakeFiles/cmTryCompileExec1355329141.dir/testCCompiler.c.o  -o cmTryCompileExec1355329141 -rdynamic 
make[2]: Leaving directory `/home/isovic/work/eclipse-workspace/graphmap/libs/libdivsufsort-2.0.1/build/CMakeFiles/CMakeTmp'
make[1]: Leaving directory `/home/isovic/work/eclipse-workspace/graphmap/libs/libdivsufsort-2.0.1/build/CMakeFiles/CMakeTmp'


Detecting C compiler ABI info compiled with the following output:
Change Dir: /home/isovic/work/eclipse-workspace/graphmap/libs/libdivsufsort-2.0.1/build/CMakeFiles/CMakeTmp

Run Build Command:/usr/bin/make "cmTryCompileExec3084847545/fast"
make[1]: Entering directory `/home/isovic/work/eclipse-workspace/graphmap/libs/libdivsufsort-2.0.1/build/CMakeFiles/CMakeTmp'
/usr/bin/make -f CMakeFiles/cmTryCompileExec3084847545.dir/build.make CMakeFiles/cmTryCompileExec3084847545.dir/build
make[2]: Entering directory `/home/isovic/work/eclipse-workspace/graphmap/libs/libdivsufsort-2.0.1/build/CMakeFiles/CMakeTmp'
/usr/bin/cmake -E cmake_progress_report /home/isovic/work/eclipse-workspace/graphmap/libs/libdivsufsort-2.0.1/build/CMakeFiles/CMakeTmp/CMakeFiles 1
Building C object CMakeFiles/cmTryCompileExec3084847545.dir/CMakeCCompilerABI.c.o
/usr/bin/cc    -o CMakeFiles/cmTryCompileExec3084847545.dir/CMakeCCompilerABI.c.o   -c /usr/share/cmake-2.8/Modules/CMakeCCompilerABI.c
Linking C executable cmTryCompileExec3084847545
/usr/bin/cmake -E cmake_link_script CMakeFiles/cmTryCompileExec3084847545.dir/link.txt --verbose=1
/usr/bin/cc     -v CMakeFiles/cmTryCompileExec3084847545.dir/CMakeCCompilerABI.c.o  -o cmTryCompileExec3084847545 -rdynamic  
Using built-in specs.
COLLECT_GCC=/usr/bin/cc
COLLECT_LTO_WRAPPER=/usr/lib/gcc/x86_64-linux-gnu/4.8/lto-wrapper
Target: x86_64-linux-gnu
Configured with: ../src/configure -v --with-pkgversion='Ubuntu 4.8.2-19ubuntu1' --with-bugurl=file:///usr/share/doc/gcc-4.8/README.Bugs --enable-languages=c,c++,java,go,d,fortran,objc,obj-c++ --prefix=/usr --program-suffix=-4.8 --enable-shared --enable-linker-build-id --libexecdir=/usr/lib --without-included-gettext --enable-threads=posix --with-gxx-include-dir=/usr/include/c++/4.8 --libdir=/usr/lib --enable-nls --with-sysroot=/ --enable-clocale=gnu --enable-libstdcxx-debug --enable-libstdcxx-time=yes --enable-gnu-unique-object --disable-libmudflap --enable-plugin --with-system-zlib --disable-browser-plugin --enable-java-awt=gtk --enable-gtk-cairo --with-java-home=/usr/lib/jvm/java-1.5.0-gcj-4.8-amd64/jre --enable-java-home --with-jvm-root-dir=/usr/lib/jvm/java-1.5.0-gcj-4.8-amd64 --with-jvm-jar-dir=/usr/lib/jvm-exports/java-1.5.0-gcj-4.8-amd64 --with-arch-directory=amd64 --with-ecj-jar=/usr/share/java/eclipse-ecj.jar --enable-objc-gc --enable-multiarch --disable-werror --with-arch-32=i686 --with-abi=m64 --with-multilib-list=m32,m64,mx32 --with-tune=generic --enable-checking=release --build=x86_64-linux-gnu --host=x86_64-linux-gnu --target=x86_64-linux-gnu
Thread model: posix
gcc version 4.8.2 (Ubuntu 4.8.2-19ubuntu1) 
COMPILER_PATH=/usr/lib/gcc/x86_64-linux-gnu/4.8/:/usr/lib/gcc/x86_64-linux-gnu/4.8/:/usr/lib/gcc/x86_64-linux-gnu/:/usr/lib/gcc/x86_64-linux-gnu/4.8/:/usr/lib/gcc/x86_64-linux-gnu/
LIBRARY_PATH=/usr/lib/gcc/x86_64-linux-gnu/4.8/:/usr/lib/gcc/x86_64-linux-gnu/4.8/../../../x86_64-linux-gnu/:/usr/lib/gcc/x86_64-linux-gnu/4.8/../../../../lib/:/lib/x86_64-linux-gnu/:/lib/../lib/:/usr/lib/x86_64-linux-gnu/:/usr/lib/../lib/:/usr/lib/gcc/x86_64-linux-gnu/4.8/../../../:/lib/:/usr/lib/
COLLECT_GCC_OPTIONS='-v' '-o' 'cmTryCompileExec3084847545' '-rdynamic' '-mtune=generic' '-march=x86-64'
 /usr/lib/gcc/x86_64-linux-gnu/4.8/collect2 --sysroot=/ --build-id --eh-frame-hdr -m elf_x86_64 --hash-style=gnu --as-needed -export-dynamic -dynamic-linker /lib64/ld-linux-x86-64.so.2 -z relro -o cmTryCompileExec3084847545 /usr/lib/gcc/x86_64-linux-gnu/4.8/../../../x86_64-linux-gnu/crt1.o /usr/lib/gcc/x86_64-linux-gnu/4.8/../../../x86_64-linux-gnu/crti.o /usr/lib/gcc/x86_64-linux-gnu/4.8/crtbegin.o -L/usr/lib/gcc/x86_64-linux-gnu/4.8 -L/usr/lib/gcc/x86_64-linux-gnu/4.8/../../../x86_64-linux-gnu -L/usr/lib/gcc/x86_64-linux-gnu/4.8/../../../../lib -L/lib/x86_64-linux-gnu -L/lib/../lib -L/usr/lib/x86_64-linux-gnu -L/usr/lib/../lib -L/usr/lib/gcc/x86_64-linux-gnu/4.8/../../.. CMakeFiles/cmTryCompileExec3084847545.dir/CMakeCCompilerABI.c.o -lgcc --as-needed -lgcc_s --no-as-needed -lc -lgcc --as-needed -lgcc_s --no-as-needed /usr/lib/gcc/x86_64-linux-gnu/4.8/crtend.o /usr/lib/gcc/x86_64-linux-gnu/4.8/../../../x86_64-linux-gnu/crtn.o
make[2]: Leaving directory `/home/isovic/work/eclipse-workspace/graphmap/libs/libdivsufsort-2.0.1/build/CMakeFiles/CMakeTmp'
make[1]: Leaving directory `/home/isovic/work/eclipse-workspace/graphmap/libs/libdivsufsort-2.0.1/build/CMakeFiles/CMakeTmp'


Parsed C implicit link information from above output:
  link line regex: [^( *|.*[/\])(ld|([^/\]+-)?ld|collect2)[^/\]*( |$)]
  ignore line: [Change Dir: /home/isovic/work/eclipse-workspace/graphmap/libs/libdivsufsort-2.0.1/build/CMakeFiles/CMakeTmp]
  ignore line: []
  ignore line: [Run Build Command:/usr/bin/make "cmTryCompileExec3084847545/fast"]
  ignore line: [make[1]: Entering directory `/home/isovic/work/eclipse-workspace/graphmap/libs/libdivsufsort-2.0.1/build/CMakeFiles/CMakeTmp']
  ignore line: [/usr/bin/make -f CMakeFiles/cmTryCompileExec3084847545.dir/build.make CMakeFiles/cmTryCompileExec3084847545.dir/build]
  ignore line: [make[2]: Entering directory `/home/isovic/work/eclipse-workspace/graphmap/libs/libdivsufsort-2.0.1/build/CMakeFiles/CMakeTmp']
  ignore line: [/usr/bin/cmake -E cmake_progress_report /home/isovic/work/eclipse-workspace/graphmap/libs/libdivsufsort-2.0.1/build/CMakeFiles/CMakeTmp/CMakeFiles 1]
  ignore line: [Building C object CMakeFiles/cmTryCompileExec3084847545.dir/CMakeCCompilerABI.c.o]
  ignore line: [/usr/bin/cc    -o CMakeFiles/cmTryCompileExec3084847545.dir/CMakeCCompilerABI.c.o   -c /usr/share/cmake-2.8/Modules/CMakeCCompilerABI.c]
  ignore line: [Linking C executable cmTryCompileExec3084847545]
  ignore line: [/usr/bin/cmake -E cmake_link_script CMakeFiles/cmTryCompileExec3084847545.dir/link.txt --verbose=1]
  ignore line: [/usr/bin/cc     -v CMakeFiles/cmTryCompileExec3084847545.dir/CMakeCCompilerABI.c.o  -o cmTryCompileExec3084847545 -rdynamic  ]
  ignore line: [Using built-in specs.]
  ignore line: [COLLECT_GCC=/usr/bin/cc]
  ignore line: [COLLECT_LTO_WRAPPER=/usr/lib/gcc/x86_64-linux-gnu/4.8/lto-wrapper]
  ignore line: [Target: x86_64-linux-gnu]
  ignore line: [Configured with: ../src/configure -v --with-pkgversion='Ubuntu 4.8.2-19ubuntu1' --with-bugurl=file:///usr/share/doc/gcc-4.8/README.Bugs --enable-languages=c,c++,java,go,d,fortran,objc,obj-c++ --prefix=/usr --program-suffix=-4.8 --enable-shared --enable-linker-build-id --libexecdir=/usr/lib --without-included-gettext --enable-threads=posix --with-gxx-include-dir=/usr/include/c++/4.8 --libdir=/usr/lib --enable-nls --with-sysroot=/ --enable-clocale=gnu --enable-libstdcxx-debug --enable-libstdcxx-time=yes --enable-gnu-unique-object --disable-libmudflap --enable-plugin --with-system-zlib --disable-browser-plugin --enable-java-awt=gtk --enable-gtk-cairo --with-java-home=/usr/lib/jvm/java-1.5.0-gcj-4.8-amd64/jre --enable-java-home --with-jvm-root-dir=/usr/lib/jvm/java-1.5.0-gcj-4.8-amd64 --with-jvm-jar-dir=/usr/lib/jvm-exports/java-1.5.0-gcj-4.8-amd64 --with-arch-directory=amd64 --with-ecj-jar=/usr/share/java/eclipse-ecj.jar --enable-objc-gc --enable-multiarch --disable-werror --with-arch-32=i686 --with-abi=m64 --with-multilib-list=m32,m64,mx32 --with-tune=generic --enable-checking=release --build=x86_64-linux-gnu --host=x86_64-linux-gnu --target=x86_64-linux-gnu]
  ignore line: [Thread model: posix]
  ignore line: [gcc version 4.8.2 (Ubuntu 4.8.2-19ubuntu1) ]
  ignore line: [COMPILER_PATH=/usr/lib/gcc/x86_64-linux-gnu/4.8/:/usr/lib/gcc/x86_64-linux-gnu/4.8/:/usr/lib/gcc/x86_64-linux-gnu/:/usr/lib/gcc/x86_64-linux-gnu/4.8/:/usr/lib/gcc/x86_64-linux-gnu/]
  ignore line: [LIBRARY_PATH=/usr/lib/gcc/x86_64-linux-gnu/4.8/:/usr/lib/gcc/x86_64-linux-gnu/4.8/../../../x86_64-linux-gnu/:/usr/lib/gcc/x86_64-linux-gnu/4.8/../../../../lib/:/lib/x86_64-linux-gnu/:/lib/../lib/:/usr/lib/x86_64-linux-gnu/:/usr/lib/../lib/:/usr/lib/gcc/x86_64-linux-gnu/4.8/../../../:/lib/:/usr/lib/]
  ignore line: [COLLECT_GCC_OPTIONS='-v' '-o' 'cmTryCompileExec3084847545' '-rdynamic' '-mtune=generic' '-march=x86-64']
  link line: [ /usr/lib/gcc/x86_64-linux-gnu/4.8/collect2 --sysroot=/ --build-id --eh-frame-hdr -m elf_x86_64 --hash-style=gnu --as-needed -export-dynamic -dynamic-linker /lib64/ld-linux-x86-64.so.2 -z relro -o cmTryCompileExec3084847545 /usr/lib/gcc/x86_64-linux-gnu/4.8/../../../x86_64-linux-gnu/crt1.o /usr/lib/gcc/x86_64-linux-gnu/4.8/../../../x86_64-linux-gnu/crti.o /usr/lib/gcc/x86_64-linux-gnu/4.8/crtbegin.o -L/usr/lib/gcc/x86_64-linux-gnu/4.8 -L/usr/lib/gcc/x86_64-linux-gnu/4.8/../../../x86_64-linux-gnu -L/usr/lib/gcc/x86_64-linux-gnu/4.8/../../../../lib -L/lib/x86_64-linux-gnu -L/lib/../lib -L/usr/lib/x86_64-linux-gnu -L/usr/lib/../lib -L/usr/lib/gcc/x86_64-linux-gnu/4.8/../../.. CMakeFiles/cmTryCompileExec3084847545.dir/CMakeCCompilerABI.c.o -lgcc --as-needed -lgcc_s --no-as-needed -lc -lgcc --as-needed -lgcc_s --no-as-needed /usr/lib/gcc/x86_64-linux-gnu/4.8/crtend.o /usr/lib/gcc/x86_64-linux-gnu/4.8/../../../x86_64-linux-gnu/crtn.o]
    arg [/usr/lib/gcc/x86_64-linux-gnu/4.8/collect2] ==> ignore
    arg [--sysroot=/] ==> ignore
    arg [--build-id] ==> ignore
    arg [--eh-frame-hdr] ==> ignore
    arg [-m] ==> ignore
    arg [elf_x86_64] ==> ignore
    arg [--hash-style=gnu] ==> ignore
    arg [--as-needed] ==> ignore
    arg [-export-dynamic] ==> ignore
    arg [-dynamic-linker] ==> ignore
    arg [/lib64/ld-linux-x86-64.so.2] ==> ignore
    arg [-zrelro] ==> ignore
    arg [-o] ==> ignore
    arg [cmTryCompileExec3084847545] ==> ignore
    arg [/usr/lib/gcc/x86_64-linux-gnu/4.8/../../../x86_64-linux-gnu/crt1.o] ==> ignore
    arg [/usr/lib/gcc/x86_64-linux-gnu/4.8/../../../x86_64-linux-gnu/crti.o] ==> ignore
    arg [/usr/lib/gcc/x86_64-linux-gnu/4.8/crtbegin.o] ==> ignore
    arg [-L/usr/lib/gcc/x86_64-linux-gnu/4.8] ==> dir [/usr/lib/gcc/x86_64-linux-gnu/4.8]
    arg [-L/usr/lib/gcc/x86_64-linux-gnu/4.8/../../../x86_64-linux-gnu] ==> dir [/usr/lib/gcc/x86_64-linux-gnu/4.8/../../../x86_64-linux-gnu]
    arg [-L/usr/lib/gcc/x86_64-linux-gnu/4.8/../../../../lib] ==> dir [/usr/lib/gcc/x86_64-linux-gnu/4.8/../../../../lib]
    arg [-L/lib/x86_64-linux-gnu] ==> dir [/lib/x86_64-linux-gnu]
    arg [-L/lib/../lib] ==> dir [/lib/../lib]
    arg [-L/usr/lib/x86_64-linux-gnu] ==> dir [/usr/lib/x86_64-linux-gnu]
    arg [-L/usr/lib/../lib] ==> dir [/usr/lib/../lib]
    arg [-L/usr/lib/gcc/x86_64-linux-gnu/4.8/../../..] ==> dir [/usr/lib/gcc/x86_64-linux-gnu/4.8/../../..]
    arg [CMakeFiles/cmTryCompileExec3084847545.dir/CMakeCCompilerABI.c.o] ==> ignore
    arg [-lgcc] ==> lib [gcc]
    arg [--as-needed] ==> ignore
    arg [-lgcc_s] ==> lib [gcc_s]
    arg [--no-as-needed] ==> ignore
    arg [-lc] ==> lib [c]
    arg [-lgcc] ==> lib [gcc]
    arg [--as-needed] ==> ignore
    arg [-lgcc_s] ==> lib [gcc_s]
    arg [--no-as-needed] ==> ignore
    arg [/usr/lib/gcc/x86_64-linux-gnu/4.8/crtend.o] ==> ignore
    arg [/usr/lib/gcc/x86_64-linux-gnu/4.8/../../../x86_64-linux-gnu/crtn.o] ==> ignore
  remove lib [gcc]
  remove lib [gcc_s]
  remove lib [gcc]
  remove lib [gcc_s]
  collapse library dir [/usr/lib/gcc/x86_64-linux-gnu/4.8] ==> [/usr/lib/gcc/x86_64-linux-gnu/4.8]
  collapse library dir [/usr/lib/gcc/x86_64-linux-gnu/4.8/../../../x86_64-linux-gnu] ==> [/usr/lib/x86_64-linux-gnu]
  collapse library dir [/usr/lib/gcc/x86_64-linux-gnu/4.8/../../../../lib] ==> [/usr/lib]
  collapse library dir [/lib/x86_64-linux-gnu] ==> [/lib/x86_64-linux-gnu]
  collapse library dir [/lib/../lib] ==> [/lib]
  collapse library dir [/usr/lib/x86_64-linux-gnu] ==> [/usr/lib/x86_64-linux-gnu]
  collapse library dir [/usr/lib/../lib] ==> [/usr/lib]
  collapse library dir [/usr/lib/gcc/x86_64-linux-gnu/4.8/../../..] ==> [/usr/lib]
  implicit libs: [c]
  implicit dirs: [/usr/lib/gcc/x86_64-linux-gnu/4.8;/usr/lib/x86_64-linux-gnu;/usr/lib;/lib/x86_64-linux-gnu;/lib]
  implicit fwks: []


Performing C SOURCE FILE Test HAVE_GCC_WALL succeded with the following output:
Change Dir: /home/isovic/work/eclipse-workspace/graphmap/libs/libdivsufsort-2.0.1/build/CMakeFiles/CMakeTmp

Run Build Command:/usr/bin/make "cmTryCompileExec4277591568/fast"
make[1]: Entering directory `/home/isovic/work/eclipse-workspace/graphmap/libs/libdivsufsort-2.0.1/build/CMakeFiles/CMakeTmp'
/usr/bin/make -f CMakeFiles/cmTryCompileExec4277591568.dir/build.make CMakeFiles/cmTryCompileExec4277591568.dir/build
make[2]: Entering directory `/home/isovic/work/eclipse-workspace/graphmap/libs/libdivsufsort-2.0.1/build/CMakeFiles/CMakeTmp'
/usr/bin/cmake -E cmake_progress_report /home/isovic/work/eclipse-workspace/graphmap/libs/libdivsufsort-2.0.1/build/CMakeFiles/CMakeTmp/CMakeFiles 1
Building C object CMakeFiles/cmTryCompileExec4277591568.dir/src.c.o
/usr/bin/cc   -DHAVE_GCC_WALL -Wall   -o CMakeFiles/cmTryCompileExec4277591568.dir/src.c.o   -c /home/isovic/work/eclipse-workspace/graphmap/libs/libdivsufsort-2.0.1/build/CMakeFiles/CMakeTmp/src.c
Linking C executable cmTryCompileExec4277591568
/usr/bin/cmake -E cmake_link_script CMakeFiles/cmTryCompileExec4277591568.dir/link.txt --verbose=1
/usr/bin/cc   -DHAVE_GCC_WALL -Wall    CMakeFiles/cmTryCompileExec4277591568.dir/src.c.o  -o cmTryCompileExec4277591568 -rdynamic 
make[2]: Leaving directory `/home/isovic/work/eclipse-workspace/graphmap/libs/libdivsufsort-2.0.1/build/CMakeFiles/CMakeTmp'
make[1]: Leaving directory `/home/isovic/work/eclipse-workspace/graphmap/libs/libdivsufsort-2.0.1/build/CMakeFiles/CMakeTmp'

Source file was:
int main() { return 0; }
Performing C SOURCE FILE Test HAVE_GCC_FOMIT_FRAME_POINTER succeded with the following output:
Change Dir: /home/isovic/work/eclipse-workspace/graphmap/libs/libdivsufsort-2.0.1/build/CMakeFiles/CMakeTmp

Run Build Command:/usr/bin/make "cmTryCompileExec3728668815/fast"
make[1]: Entering directory `/home/isovic/work/eclipse-workspace/graphmap/libs/libdivsufsort-2.0.1/build/CMakeFiles/CMakeTmp'
/usr/bin/make -f CMakeFiles/cmTryCompileExec3728668815.dir/build.make CMakeFiles/cmTryCompileExec3728668815.dir/build
make[2]: Entering directory `/home/isovic/work/eclipse-workspace/graphmap/libs/libdivsufsort-2.0.1/build/CMakeFiles/CMakeTmp'
/usr/bin/cmake -E cmake_progress_report /home/isovic/work/eclipse-workspace/graphmap/libs/libdivsufsort-2.0.1/build/CMakeFiles/CMakeTmp/CMakeFiles 1
Building C object CMakeFiles/cmTryCompileExec3728668815.dir/src.c.o
/usr/bin/cc   -Wall -DHAVE_GCC_FOMIT_FRAME_POINTER -fomit-frame-pointer   -o CMakeFiles/cmTryCompileExec3728668815.dir/src.c.o   -c /home/isovic/work/eclipse-workspace/graphmap/libs/libdivsufsort-2.0.1/build/CMakeFiles/CMakeTmp/src.c
Linking C executable cmTryCompileExec3728668815
/usr/bin/cmake -E cmake_link_script CMakeFiles/cmTryCompileExec3728668815.dir/link.txt --verbose=1
/usr/bin/cc   -Wall -DHAVE_GCC_FOMIT_FRAME_POINTER -fomit-frame-pointer    CMakeFiles/cmTryCompileExec3728668815.dir/src.c.o  -o cmTryCompileExec3728668815 -rdynamic 
make[2]: Leaving directory `/home/isovic/work/eclipse-workspace/graphmap/libs/libdivsufsort-2.0.1/build/CMakeFiles/CMakeTmp'
make[1]: Leaving directory `/home/isovic/work/eclipse-workspace/graphmap/libs/libdivsufsort-2.0.1/build/CMakeFiles/CMakeTmp'

Source file was:
int main() { return 0; }
Determining if the include file inttypes.h exists passed with the following output:
Change Dir: /home/isovic/work/eclipse-workspace/graphmap/libs/libdivsufsort-2.0.1/build/CMakeFiles/CMakeTmp

Run Build Command:/usr/bin/make "cmTryCompileExec2115953422/fast"
make[1]: Entering directory `/home/isovic/work/eclipse-workspace/graphmap/libs/libdivsufsort-2.0.1/build/CMakeFiles/CMakeTmp'
/usr/bin/make -f CMakeFiles/cmTryCompileExec2115953422.dir/build.make CMakeFiles/cmTryCompileExec2115953422.dir/build
make[2]: Entering directory `/home/isovic/work/eclipse-workspace/graphmap/libs/libdivsufsort-2.0.1/build/CMakeFiles/CMakeTmp'
/usr/bin/cmake -E cmake_progress_report /home/isovic/work/eclipse-workspace/graphmap/libs/libdivsufsort-2.0.1/build/CMakeFiles/CMakeTmp/CMakeFiles 1
Building C object CMakeFiles/cmTryCompileExec2115953422.dir/CheckIncludeFile.c.o
/usr/bin/cc   -Wall    -o CMakeFiles/cmTryCompileExec2115953422.dir/CheckIncludeFile.c.o   -c /home/isovic/work/eclipse-workspace/graphmap/libs/libdivsufsort-2.0.1/build/CMakeFiles/CMakeTmp/CheckIncludeFile.c
Linking C executable cmTryCompileExec2115953422
/usr/bin/cmake -E cmake_link_script CMakeFiles/cmTryCompileExec2115953422.dir/link.txt --verbose=1
/usr/bin/cc   -Wall     CMakeFiles/cmTryCompileExec2115953422.dir/CheckIncludeFile.c.o  -o cmTryCompileExec2115953422 -rdynamic 
make[2]: Leaving directory `/home/isovic/work/eclipse-workspace/graphmap/libs/libdivsufsort-2.0.1/build/CMakeFiles/CMakeTmp'
make[1]: Leaving directory `/home/isovic/work/eclipse-workspace/graphmap/libs/libdivsufsort-2.0.1/build/CMakeFiles/CMakeTmp'


Determining if the include file memory.h exists passed with the following output:
Change Dir: /home/isovic/work/eclipse-workspace/graphmap/libs/libdivsufsort-2.0.1/build/CMakeFiles/CMakeTmp

Run Build Command:/usr/bin/make "cmTryCompileExec1017225822/fast"
make[1]: Entering directory `/home/isovic/work/eclipse-workspace/graphmap/libs/libdivsufsort-2.0.1/build/CMakeFiles/CMakeTmp'
/usr/bin/make -f CMakeFiles/cmTryCompileExec1017225822.dir/build.make CMakeFiles/cmTryCompileExec1017225822.dir/build
make[2]: Entering directory `/home/isovic/work/eclipse-workspace/graphmap/libs/libdivsufsort-2.0.1/build/CMakeFiles/CMakeTmp'
/usr/bin/cmake -E cmake_progress_report /home/isovic/work/eclipse-workspace/graphmap/libs/libdivsufsort-2.0.1/build/CMakeFiles/CMakeTmp/CMakeFiles 1
Building C object CMakeFiles/cmTryCompileExec1017225822.dir/CheckIncludeFile.c.o
/usr/bin/cc   -Wall    -o CMakeFiles/cmTryCompileExec1017225822.dir/CheckIncludeFile.c.o   -c /home/isovic/work/eclipse-workspace/graphmap/libs/libdivsufsort-2.0.1/build/CMakeFiles/CMakeTmp/CheckIncludeFile.c
Linking C executable cmTryCompileExec1017225822
/usr/bin/cmake -E cmake_link_script CMakeFiles/cmTryCompileExec1017225822.dir/link.txt --verbose=1
/usr/bin/cc   -Wall     CMakeFiles/cmTryCompileExec1017225822.dir/CheckIncludeFile.c.o  -o cmTryCompileExec1017225822 -rdynamic 
make[2]: Leaving directory `/home/isovic/work/eclipse-workspace/graphmap/libs/libdivsufsort-2.0.1/build/CMakeFiles/CMakeTmp'
make[1]: Leaving directory `/home/isovic/work/eclipse-workspace/graphmap/libs/libdivsufsort-2.0.1/build/CMakeFiles/CMakeTmp'


Determining if the include file stddef.h exists passed with the following output:
Change Dir: /home/isovic/work/eclipse-workspace/graphmap/libs/libdivsufsort-2.0.1/build/CMakeFiles/CMakeTmp

Run Build Command:/usr/bin/make "cmTryCompileExec337722802/fast"
make[1]: Entering directory `/home/isovic/work/eclipse-workspace/graphmap/libs/libdivsufsort-2.0.1/build/CMakeFiles/CMakeTmp'
/usr/bin/make -f CMakeFiles/cmTryCompileExec337722802.dir/build.make CMakeFiles/cmTryCompileExec337722802.dir/build
make[2]: Entering directory `/home/isovic/work/eclipse-workspace/graphmap/libs/libdivsufsort-2.0.1/build/CMakeFiles/CMakeTmp'
/usr/bin/cmake -E cmake_progress_report /home/isovic/work/eclipse-workspace/graphmap/libs/libdivsufsort-2.0.1/build/CMakeFiles/CMakeTmp/CMakeFiles 1
Building C object CMakeFiles/cmTryCompileExec337722802.dir/CheckIncludeFile.c.o
/usr/bin/cc   -Wall    -o CMakeFiles/cmTryCompileExec337722802.dir/CheckIncludeFile.c.o   -c /home/isovic/work/eclipse-workspace/graphmap/libs/libdivsufsort-2.0.1/build/CMakeFiles/CMakeTmp/CheckIncludeFile.c
Linking C executable cmTryCompileExec337722802
/usr/bin/cmake -E cmake_link_script CMakeFiles/cmTryCompileExec337722802.dir/link.txt --verbose=1
/usr/bin/cc   -Wall     CMakeFiles/cmTryCompileExec337722802.dir/CheckIncludeFile.c.o  -o cmTryCompileExec337722802 -rdynamic 
make[2]: Leaving directory `/home/isovic/work/eclipse-workspace/graphmap/libs/libdivsufsort-2.0.1/build/CMakeFiles/CMakeTmp'
make[1]: Leaving directory `/home/isovic/work/eclipse-workspace/graphmap/libs/libdivsufsort-2.0.1/build/CMakeFiles/CMakeTmp'


Determining if the include file stdint.h exists passed with the following output:
Change Dir: /home/isovic/work/eclipse-workspace/graphmap/libs/libdivsufsort-2.0.1/build/CMakeFiles/CMakeTmp

Run Build Command:/usr/bin/make "cmTryCompileExec4100795173/fast"
make[1]: Entering directory `/home/isovic/work/eclipse-workspace/graphmap/libs/libdivsufsort-2.0.1/build/CMakeFiles/CMakeTmp'
/usr/bin/make -f CMakeFiles/cmTryCompileExec4100795173.dir/build.make CMakeFiles/cmTryCompileExec4100795173.dir/build
make[2]: Entering directory `/home/isovic/work/eclipse-workspace/graphmap/libs/libdivsufsort-2.0.1/build/CMakeFiles/CMakeTmp'
/usr/bin/cmake -E cmake_progress_report /home/isovic/work/eclipse-workspace/graphmap/libs/libdivsufsort-2.0.1/build/CMakeFiles/CMakeTmp/CMakeFiles 1
Building C object CMakeFiles/cmTryCompileExec4100795173.dir/CheckIncludeFile.c.o
/usr/bin/cc   -Wall    -o CMakeFiles/cmTryCompileExec4100795173.dir/CheckIncludeFile.c.o   -c /home/isovic/work/eclipse-workspace/graphmap/libs/libdivsufsort-2.0.1/build/CMakeFiles/CMakeTmp/CheckIncludeFile.c
Linking C executable cmTryCompileExec4100795173
/usr/bin/cmake -E cmake_link_script CMakeFiles/cmTryCompileExec4100795173.dir/link.txt --verbose=1
/usr/bin/cc   -Wall     CMakeFiles/cmTryCompileExec4100795173.dir/CheckIncludeFile.c.o  -o cmTryCompileExec4100795173 -rdynamic 
make[2]: Leaving directory `/home/isovic/work/eclipse-workspace/graphmap/libs/libdivsufsort-2.0.1/build/CMakeFiles/CMakeTmp'
make[1]: Leaving directory `/home/isovic/work/eclipse-workspace/graphmap/libs/libdivsufsort-2.0.1/build/CMakeFiles/CMakeTmp'


Determining if the include file stdlib.h exists passed with the following output:
Change Dir: /home/isovic/work/eclipse-workspace/graphmap/libs/libdivsufsort-2.0.1/build/CMakeFiles/CMakeTmp

Run Build Command:/usr/bin/make "cmTryCompileExec1337645318/fast"
make[1]: Entering directory `/home/isovic/work/eclipse-workspace/graphmap/libs/libdivsufsort-2.0.1/build/CMakeFiles/CMakeTmp'
/usr/bin/make -f CMakeFiles/cmTryCompileExec1337645318.dir/build.make CMakeFiles/cmTryCompileExec1337645318.dir/build
make[2]: Entering directory `/home/isovic/work/eclipse-workspace/graphmap/libs/libdivsufsort-2.0.1/build/CMakeFiles/CMakeTmp'
/usr/bin/cmake -E cmake_progress_report /home/isovic/work/eclipse-workspace/graphmap/libs/libdivsufsort-2.0.1/build/CMakeFiles/CMakeTmp/CMakeFiles 1
Building C object CMakeFiles/cmTryCompileExec1337645318.dir/CheckIncludeFile.c.o
/usr/bin/cc   -Wall    -o CMakeFiles/cmTryCompileExec1337645318.dir/CheckIncludeFile.c.o   -c /home/isovic/work/eclipse-workspace/graphmap/libs/libdivsufsort-2.0.1/build/CMakeFiles/CMakeTmp/CheckIncludeFile.c
Linking C executable cmTryCompileExec1337645318
/usr/bin/cmake -E cmake_link_script CMakeFiles/cmTryCompileExec1337645318.dir/link.txt --verbose=1
/usr/bin/cc   -Wall     CMakeFiles/cmTryCompileExec1337645318.dir/CheckIncludeFile.c.o  -o cmTryCompileExec1337645318 -rdynamic 
make[2]: Leaving directory `/home/isovic/work/eclipse-workspace/graphmap/libs/libdivsufsort-2.0.1/build/CMakeFiles/CMakeTmp'
make[1]: Leaving directory `/home/isovic/work/eclipse-workspace/graphmap/libs/libdivsufsort-2.0.1/build/CMakeFiles/CMakeTmp'


Determining if the include file string.h exists passed with the following output:
Change Dir: /home/isovic/work/eclipse-workspace/graphmap/libs/libdivsufsort-2.0.1/build/CMakeFiles/CMakeTmp

Run Build Command:/usr/bin/make "cmTryCompileExec858964726/fast"
make[1]: Entering directory `/home/isovic/work/eclipse-workspace/graphmap/libs/libdivsufsort-2.0.1/build/CMakeFiles/CMakeTmp'
/usr/bin/make -f CMakeFiles/cmTryCompileExec858964726.dir/build.make CMakeFiles/cmTryCompileExec858964726.dir/build
make[2]: Entering directory `/home/isovic/work/eclipse-workspace/graphmap/libs/libdivsufsort-2.0.1/build/CMakeFiles/CMakeTmp'
/usr/bin/cmake -E cmake_progress_report /home/isovic/work/eclipse-workspace/graphmap/libs/libdivsufsort-2.0.1/build/CMakeFiles/CMakeTmp/CMakeFiles 1
Building C object CMakeFiles/cmTryCompileExec858964726.dir/CheckIncludeFile.c.o
/usr/bin/cc   -Wall    -o CMakeFiles/cmTryCompileExec858964726.dir/CheckIncludeFile.c.o   -c /home/isovic/work/eclipse-workspace/graphmap/libs/libdivsufsort-2.0.1/build/CMakeFiles/CMakeTmp/CheckIncludeFile.c
Linking C executable cmTryCompileExec858964726
/usr/bin/cmake -E cmake_link_script CMakeFiles/cmTryCompileExec858964726.dir/link.txt --verbose=1
/usr/bin/cc   -Wall     CMakeFiles/cmTryCompileExec858964726.dir/CheckIncludeFile.c.o  -o cmTryCompileExec858964726 -rdynamic 
make[2]: Leaving directory `/home/isovic/work/eclipse-workspace/graphmap/libs/libdivsufsort-2.0.1/build/CMakeFiles/CMakeTmp'
make[1]: Leaving directory `/home/isovic/work/eclipse-workspace/graphmap/libs/libdivsufsort-2.0.1/build/CMakeFiles/CMakeTmp'


Determining if the include file strings.h exists passed with the following output:
Change Dir: /home/isovic/work/eclipse-workspace/graphmap/libs/libdivsufsort-2.0.1/build/CMakeFiles/CMakeTmp

Run Build Command:/usr/bin/make "cmTryCompileExec3137894559/fast"
make[1]: Entering directory `/home/isovic/work/eclipse-workspace/graphmap/libs/libdivsufsort-2.0.1/build/CMakeFiles/CMakeTmp'
/usr/bin/make -f CMakeFiles/cmTryCompileExec3137894559.dir/build.make CMakeFiles/cmTryCompileExec3137894559.dir/build
make[2]: Entering directory `/home/isovic/work/eclipse-workspace/graphmap/libs/libdivsufsort-2.0.1/build/CMakeFiles/CMakeTmp'
/usr/bin/cmake -E cmake_progress_report /home/isovic/work/eclipse-workspace/graphmap/libs/libdivsufsort-2.0.1/build/CMakeFiles/CMakeTmp/CMakeFiles 1
Building C object CMakeFiles/cmTryCompileExec3137894559.dir/CheckIncludeFile.c.o
/usr/bin/cc   -Wall    -o CMakeFiles/cmTryCompileExec3137894559.dir/CheckIncludeFile.c.o   -c /home/isovic/work/eclipse-workspace/graphmap/libs/libdivsufsort-2.0.1/build/CMakeFiles/CMakeTmp/CheckIncludeFile.c
Linking C executable cmTryCompileExec3137894559
/usr/bin/cmake -E cmake_link_script CMakeFiles/cmTryCompileExec3137894559.dir/link.txt --verbose=1
/usr/bin/cc   -Wall     CMakeFiles/cmTryCompileExec3137894559.dir/CheckIncludeFile.c.o  -o cmTryCompileExec3137894559 -rdynamic 
make[2]: Leaving directory `/home/isovic/work/eclipse-workspace/graphmap/libs/libdivsufsort-2.0.1/build/CMakeFiles/CMakeTmp'
make[1]: Leaving directory `/home/isovic/work/eclipse-workspace/graphmap/libs/libdivsufsort-2.0.1/build/CMakeFiles/CMakeTmp'


Determining if the include file sys/types.h exists passed with the following output:
Change Dir: /home/isovic/work/eclipse-workspace/graphmap/libs/libdivsufsort-2.0.1/build/CMakeFiles/CMakeTmp

Run Build Command:/usr/bin/make "cmTryCompileExec3102210072/fast"
make[1]: Entering directory `/home/isovic/work/eclipse-workspace/graphmap/libs/libdivsufsort-2.0.1/build/CMakeFiles/CMakeTmp'
/usr/bin/make -f CMakeFiles/cmTryCompileExec3102210072.dir/build.make CMakeFiles/cmTryCompileExec3102210072.dir/build
make[2]: Entering directory `/home/isovic/work/eclipse-workspace/graphmap/libs/libdivsufsort-2.0.1/build/CMakeFiles/CMakeTmp'
/usr/bin/cmake -E cmake_progress_report /home/isovic/work/eclipse-workspace/graphmap/libs/libdivsufsort-2.0.1/build/CMakeFiles/CMakeTmp/CMakeFiles 1
Building C object CMakeFiles/cmTryCompileExec3102210072.dir/CheckIncludeFile.c.o
/usr/bin/cc   -Wall    -o CMakeFiles/cmTryCompileExec3102210072.dir/CheckIncludeFile.c.o   -c /home/isovic/work/eclipse-workspace/graphmap/libs/libdivsufsort-2.0.1/build/CMakeFiles/CMakeTmp/CheckIncludeFile.c
Linking C executable cmTryCompileExec3102210072
/usr/bin/cmake -E cmake_link_script CMakeFiles/cmTryCompileExec3102210072.dir/link.txt --verbose=1
/usr/bin/cc   -Wall     CMakeFiles/cmTryCompileExec3102210072.dir/CheckIncludeFile.c.o  -o cmTryCompileExec3102210072 -rdynamic 
make[2]: Leaving directory `/home/isovic/work/eclipse-workspace/graphmap/libs/libdivsufsort-2.0.1/build/CMakeFiles/CMakeTmp'
make[1]: Leaving directory `/home/isovic/work/eclipse-workspace/graphmap/libs/libdivsufsort-2.0.1/build/CMakeFiles/CMakeTmp'


Determining size of off_t passed with the following output:
Change Dir: /home/isovic/work/eclipse-workspace/graphmap/libs/libdivsufsort-2.0.1/build/CMakeFiles/CMakeTmp

Run Build Command:/usr/bin/make "cmTryCompileExec801116589/fast"
make[1]: Entering directory `/home/isovic/work/eclipse-workspace/graphmap/libs/libdivsufsort-2.0.1/build/CMakeFiles/CMakeTmp'
/usr/bin/make -f CMakeFiles/cmTryCompileExec801116589.dir/build.make CMakeFiles/cmTryCompileExec801116589.dir/build
make[2]: Entering directory `/home/isovic/work/eclipse-workspace/graphmap/libs/libdivsufsort-2.0.1/build/CMakeFiles/CMakeTmp'
/usr/bin/cmake -E cmake_progress_report /home/isovic/work/eclipse-workspace/graphmap/libs/libdivsufsort-2.0.1/build/CMakeFiles/CMakeTmp/CMakeFiles 1
Building C object CMakeFiles/cmTryCompileExec801116589.dir/SIZEOF_OFF_T.c.o
/usr/bin/cc  -D_FILE_OFFSET_BITS=64 -D_LARGEFILE_SOURCE -D_LARGE_FILES -D__STDC_CONSTANT_MACROS -D__STDC_FORMAT_MACROS -D__STDC_LIMIT_MACROS -Wall    -o CMakeFiles/cmTryCompileExec801116589.dir/SIZEOF_OFF_T.c.o   -c /home/isovic/work/eclipse-workspace/graphmap/libs/libdivsufsort-2.0.1/build/CMakeFiles/CheckTypeSize/SIZEOF_OFF_T.c
Linking C executable cmTryCompileExec801116589
/usr/bin/cmake -E cmake_link_script CMakeFiles/cmTryCompileExec801116589.dir/link.txt --verbose=1
/usr/bin/cc   -Wall     CMakeFiles/cmTryCompileExec801116589.dir/SIZEOF_OFF_T.c.o  -o cmTryCompileExec801116589 -rdynamic 
make[2]: Leaving directory `/home/isovic/work/eclipse-workspace/graphmap/libs/libdivsufsort-2.0.1/build/CMakeFiles/CMakeTmp'
make[1]: Leaving directory `/home/isovic/work/eclipse-workspace/graphmap/libs/libdivsufsort-2.0.1/build/CMakeFiles/CMakeTmp'


Determining if the fseeko exist passed with the following output:
Change Dir: /home/isovic/work/eclipse-workspace/graphmap/libs/libdivsufsort-2.0.1/build/CMakeFiles/CMakeTmp

Run Build Command:/usr/bin/make "cmTryCompileExec3756177205/fast"
make[1]: Entering directory `/home/isovic/work/eclipse-workspace/graphmap/libs/libdivsufsort-2.0.1/build/CMakeFiles/CMakeTmp'
/usr/bin/make -f CMakeFiles/cmTryCompileExec3756177205.dir/build.make CMakeFiles/cmTryCompileExec3756177205.dir/build
make[2]: Entering directory `/home/isovic/work/eclipse-workspace/graphmap/libs/libdivsufsort-2.0.1/build/CMakeFiles/CMakeTmp'
/usr/bin/cmake -E cmake_progress_report /home/isovic/work/eclipse-workspace/graphmap/libs/libdivsufsort-2.0.1/build/CMakeFiles/CMakeTmp/CMakeFiles 1
Building C object CMakeFiles/cmTryCompileExec3756177205.dir/CheckSymbolExists.c.o
/usr/bin/cc  -D_FILE_OFFSET_BITS=64 -D_LARGEFILE_SOURCE -D_LARGE_FILES -D__STDC_CONSTANT_MACROS -D__STDC_FORMAT_MACROS -D__STDC_LIMIT_MACROS -Wall    -o CMakeFiles/cmTryCompileExec3756177205.dir/CheckSymbolExists.c.o   -c /home/isovic/work/eclipse-workspace/graphmap/libs/libdivsufsort-2.0.1/build/CMakeFiles/CMakeTmp/CheckSymbolExists.c
Linking C executable cmTryCompileExec3756177205
/usr/bin/cmake -E cmake_link_script CMakeFiles/cmTryCompileExec3756177205.dir/link.txt --verbose=1
/usr/bin/cc   -Wall     CMakeFiles/cmTryCompileExec3756177205.dir/CheckSymbolExists.c.o  -o cmTryCompileExec3756177205 -rdynamic 
make[2]: Leaving directory `/home/isovic/work/eclipse-workspace/graphmap/libs/libdivsufsort-2.0.1/build/CMakeFiles/CMakeTmp'
make[1]: Leaving directory `/home/isovic/work/eclipse-workspace/graphmap/libs/libdivsufsort-2.0.1/build/CMakeFiles/CMakeTmp'

File /home/isovic/work/eclipse-workspace/graphmap/libs/libdivsufsort-2.0.1/build/CMakeFiles/CMakeTmp/CheckSymbolExists.c:
/* */
#include <stdio.h>

int main(int argc, char** argv)
{
  (void)argv;
#ifndef fseeko
  return ((int*)(&fseeko))[argc];
#else
  (void)argc;
  return 0;
#endif
}

Determining if the ftello exist passed with the following output:
Change Dir: /home/isovic/work/eclipse-workspace/graphmap/libs/libdivsufsort-2.0.1/build/CMakeFiles/CMakeTmp

Run Build Command:/usr/bin/make "cmTryCompileExec2891907969/fast"
make[1]: Entering directory `/home/isovic/work/eclipse-workspace/graphmap/libs/libdivsufsort-2.0.1/build/CMakeFiles/CMakeTmp'
/usr/bin/make -f CMakeFiles/cmTryCompileExec2891907969.dir/build.make CMakeFiles/cmTryCompileExec2891907969.dir/build
make[2]: Entering directory `/home/isovic/work/eclipse-workspace/graphmap/libs/libdivsufsort-2.0.1/build/CMakeFiles/CMakeTmp'
/usr/bin/cmake -E cmake_progress_report /home/isovic/work/eclipse-workspace/graphmap/libs/libdivsufsort-2.0.1/build/CMakeFiles/CMakeTmp/CMakeFiles 1
Building C object CMakeFiles/cmTryCompileExec2891907969.dir/CheckSymbolExists.c.o
/usr/bin/cc  -D_FILE_OFFSET_BITS=64 -D_LARGEFILE_SOURCE -D_LARGE_FILES -D__STDC_CONSTANT_MACROS -D__STDC_FORMAT_MACROS -D__STDC_LIMIT_MACROS -Wall    -o CMakeFiles/cmTryCompileExec2891907969.dir/CheckSymbolExists.c.o   -c /home/isovic/work/eclipse-workspace/graphmap/libs/libdivsufsort-2.0.1/build/CMakeFiles/CMakeTmp/CheckSymbolExists.c
Linking C executable cmTryCompileExec2891907969
/usr/bin/cmake -E cmake_link_script CMakeFiles/cmTryCompileExec2891907969.dir/link.txt --verbose=1
/usr/bin/cc   -Wall     CMakeFiles/cmTryCompileExec2891907969.dir/CheckSymbolExists.c.o  -o cmTryCompileExec2891907969 -rdynamic 
make[2]: Leaving directory `/home/isovic/work/eclipse-workspace/graphmap/libs/libdivsufsort-2.0.1/build/CMakeFiles/CMakeTmp'
make[1]: Leaving directory `/home/isovic/work/eclipse-workspace/graphmap/libs/libdivsufsort-2.0.1/build/CMakeFiles/CMakeTmp'

File /home/isovic/work/eclipse-workspace/graphmap/libs/libdivsufsort-2.0.1/build/CMakeFiles/CMakeTmp/CheckSymbolExists.c:
/* */
#include <stdio.h>

int main(int argc, char** argv)
{
  (void)argv;
#ifndef ftello
  return ((int*)(&ftello))[argc];
#else
  (void)argc;
  return 0;
#endif
}

Determining if the PRIdMAX exist passed with the following output:
Change Dir: /home/isovic/work/eclipse-workspace/graphmap/libs/libdivsufsort-2.0.1/build/CMakeFiles/CMakeTmp

Run Build Command:/usr/bin/make "cmTryCompileExec726340381/fast"
make[1]: Entering directory `/home/isovic/work/eclipse-workspace/graphmap/libs/libdivsufsort-2.0.1/build/CMakeFiles/CMakeTmp'
/usr/bin/make -f CMakeFiles/cmTryCompileExec726340381.dir/build.make CMakeFiles/cmTryCompileExec726340381.dir/build
make[2]: Entering directory `/home/isovic/work/eclipse-workspace/graphmap/libs/libdivsufsort-2.0.1/build/CMakeFiles/CMakeTmp'
/usr/bin/cmake -E cmake_progress_report /home/isovic/work/eclipse-workspace/graphmap/libs/libdivsufsort-2.0.1/build/CMakeFiles/CMakeTmp/CMakeFiles 1
Building C object CMakeFiles/cmTryCompileExec726340381.dir/CheckSymbolExists.c.o
/usr/bin/cc  -D_FILE_OFFSET_BITS=64 -D_LARGEFILE_SOURCE -D_LARGE_FILES -D__STDC_CONSTANT_MACROS -D__STDC_FORMAT_MACROS -D__STDC_LIMIT_MACROS -Wall    -o CMakeFiles/cmTryCompileExec726340381.dir/CheckSymbolExists.c.o   -c /home/isovic/work/eclipse-workspace/graphmap/libs/libdivsufsort-2.0.1/build/CMakeFiles/CMakeTmp/CheckSymbolExists.c
Linking C executable cmTryCompileExec726340381
/usr/bin/cmake -E cmake_link_script CMakeFiles/cmTryCompileExec726340381.dir/link.txt --verbose=1
/usr/bin/cc   -Wall     CMakeFiles/cmTryCompileExec726340381.dir/CheckSymbolExists.c.o  -o cmTryCompileExec726340381 -rdynamic 
make[2]: Leaving directory `/home/isovic/work/eclipse-workspace/graphmap/libs/libdivsufsort-2.0.1/build/CMakeFiles/CMakeTmp'
make[1]: Leaving directory `/home/isovic/work/eclipse-workspace/graphmap/libs/libdivsufsort-2.0.1/build/CMakeFiles/CMakeTmp'

File /home/isovic/work/eclipse-workspace/graphmap/libs/libdivsufsort-2.0.1/build/CMakeFiles/CMakeTmp/CheckSymbolExists.c:
/* */
#include <inttypes.h>

int main(int argc, char** argv)
{
  (void)argv;
#ifndef PRIdMAX
  return ((int*)(&PRIdMAX))[argc];
#else
  (void)argc;
  return 0;
#endif
}

Performing C SOURCE FILE Test HAVE_INLINE succeded with the following output:
Change Dir: /home/isovic/work/eclipse-workspace/graphmap/libs/libdivsufsort-2.0.1/build/CMakeFiles/CMakeTmp

Run Build Command:/usr/bin/make "cmTryCompileExec75006886/fast"
make[1]: Entering directory `/home/isovic/work/eclipse-workspace/graphmap/libs/libdivsufsort-2.0.1/build/CMakeFiles/CMakeTmp'
/usr/bin/make -f CMakeFiles/cmTryCompileExec75006886.dir/build.make CMakeFiles/cmTryCompileExec75006886.dir/build
make[2]: Entering directory `/home/isovic/work/eclipse-workspace/graphmap/libs/libdivsufsort-2.0.1/build/CMakeFiles/CMakeTmp'
/usr/bin/cmake -E cmake_progress_report /home/isovic/work/eclipse-workspace/graphmap/libs/libdivsufsort-2.0.1/build/CMakeFiles/CMakeTmp/CMakeFiles 1
Building C object CMakeFiles/cmTryCompileExec75006886.dir/src.c.o
/usr/bin/cc   -Wall -DHAVE_INLINE   -o CMakeFiles/cmTryCompileExec75006886.dir/src.c.o   -c /home/isovic/work/eclipse-workspace/graphmap/libs/libdivsufsort-2.0.1/build/CMakeFiles/CMakeTmp/src.c
Linking C executable cmTryCompileExec75006886
/usr/bin/cmake -E cmake_link_script CMakeFiles/cmTryCompileExec75006886.dir/link.txt --verbose=1
/usr/bin/cc   -Wall -DHAVE_INLINE    CMakeFiles/cmTryCompileExec75006886.dir/src.c.o  -o cmTryCompileExec75006886 -rdynamic 
make[2]: Leaving directory `/home/isovic/work/eclipse-workspace/graphmap/libs/libdivsufsort-2.0.1/build/CMakeFiles/CMakeTmp'
make[1]: Leaving directory `/home/isovic/work/eclipse-workspace/graphmap/libs/libdivsufsort-2.0.1/build/CMakeFiles/CMakeTmp'

Source file was:
inline void func(); void func() { } int main() { func(); return 0; }
Performing C SOURCE FILE Test HAVE___INLINE succeded with the following output:
Change Dir: /home/isovic/work/eclipse-workspace/graphmap/libs/libdivsufsort-2.0.1/build/CMakeFiles/CMakeTmp

Run Build Command:/usr/bin/make "cmTryCompileExec1170546136/fast"
make[1]: Entering directory `/home/isovic/work/eclipse-workspace/graphmap/libs/libdivsufsort-2.0.1/build/CMakeFiles/CMakeTmp'
/usr/bin/make -f CMakeFiles/cmTryCompileExec1170546136.dir/build.make CMakeFiles/cmTryCompileExec1170546136.dir/build
make[2]: Entering directory `/home/isovic/work/eclipse-workspace/graphmap/libs/libdivsufsort-2.0.1/build/CMakeFiles/CMakeTmp'
/usr/bin/cmake -E cmake_progress_report /home/isovic/work/eclipse-workspace/graphmap/libs/libdivsufsort-2.0.1/build/CMakeFiles/CMakeTmp/CMakeFiles 1
Building C object CMakeFiles/cmTryCompileExec1170546136.dir/src.c.o
/usr/bin/cc   -Wall -DHAVE___INLINE   -o CMakeFiles/cmTryCompileExec1170546136.dir/src.c.o   -c /home/isovic/work/eclipse-workspace/graphmap/libs/libdivsufsort-2.0.1/build/CMakeFiles/CMakeTmp/src.c
Linking C executable cmTryCompileExec1170546136
/usr/bin/cmake -E cmake_link_script CMakeFiles/cmTryCompileExec1170546136.dir/link.txt --verbose=1
/usr/bin/cc   -Wall -DHAVE___INLINE    CMakeFiles/cmTryCompileExec1170546136.dir/src.c.o  -o cmTryCompileExec1170546136 -rdynamic 
make[2]: Leaving directory `/home/isovic/work/eclipse-workspace/graphmap/libs/libdivsufsort-2.0.1/build/CMakeFiles/CMakeTmp'
make[1]: Leaving directory `/home/isovic/work/eclipse-workspace/graphmap/libs/libdivsufsort-2.0.1/build/CMakeFiles/CMakeTmp'

Source file was:
__inline void func(); void func() { } int main() { func(); return 0; }
Performing C SOURCE FILE Test HAVE___INLINE__ succeded with the following output:
Change Dir: /home/isovic/work/eclipse-workspace/graphmap/libs/libdivsufsort-2.0.1/build/CMakeFiles/CMakeTmp

Run Build Command:/usr/bin/make "cmTryCompileExec1961923941/fast"
make[1]: Entering directory `/home/isovic/work/eclipse-workspace/graphmap/libs/libdivsufsort-2.0.1/build/CMakeFiles/CMakeTmp'
/usr/bin/make -f CMakeFiles/cmTryCompileExec1961923941.dir/build.make CMakeFiles/cmTryCompileExec1961923941.dir/build
make[2]: Entering directory `/home/isovic/work/eclipse-workspace/graphmap/libs/libdivsufsort-2.0.1/build/CMakeFiles/CMakeTmp'
/usr/bin/cmake -E cmake_progress_report /home/isovic/work/eclipse-workspace/graphmap/libs/libdivsufsort-2.0.1/build/CMakeFiles/CMakeTmp/CMakeFiles 1
Building C object CMakeFiles/cmTryCompileExec1961923941.dir/src.c.o
/usr/bin/cc   -Wall -DHAVE___INLINE__   -o CMakeFiles/cmTryCompileExec1961923941.dir/src.c.o   -c /home/isovic/work/eclipse-workspace/graphmap/libs/libdivsufsort-2.0.1/build/CMakeFiles/CMakeTmp/src.c
Linking C executable cmTryCompileExec1961923941
/usr/bin/cmake -E cmake_link_script CMakeFiles/cmTryCompileExec1961923941.dir/link.txt --verbose=1
/usr/bin/cc   -Wall -DHAVE___INLINE__    CMakeFiles/cmTryCompileExec1961923941.dir/src.c.o  -o cmTryCompileExec1961923941 -rdynamic 
make[2]: Leaving directory `/home/isovic/work/eclipse-workspace/graphmap/libs/libdivsufsort-2.0.1/build/CMakeFiles/CMakeTmp'
make[1]: Leaving directory `/home/isovic/work/eclipse-workspace/graphmap/libs/libdivsufsort-2.0.1/build/CMakeFiles/CMakeTmp'

Source file was:
__inline__ void func(); void func() { } int main() { func(); return 0; }
Determining size of uint8_t passed with the following output:
Change Dir: /home/isovic/work/eclipse-workspace/graphmap/libs/libdivsufsort-2.0.1/build/CMakeFiles/CMakeTmp

Run Build Command:/usr/bin/make "cmTryCompileExec1547095547/fast"
make[1]: Entering directory `/home/isovic/work/eclipse-workspace/graphmap/libs/libdivsufsort-2.0.1/build/CMakeFiles/CMakeTmp'
/usr/bin/make -f CMakeFiles/cmTryCompileExec1547095547.dir/build.make CMakeFiles/cmTryCompileExec1547095547.dir/build
make[2]: Entering directory `/home/isovic/work/eclipse-workspace/graphmap/libs/libdivsufsort-2.0.1/build/CMakeFiles/CMakeTmp'
/usr/bin/cmake -E cmake_progress_report /home/isovic/work/eclipse-workspace/graphmap/libs/libdivsufsort-2.0.1/build/CMakeFiles/CMakeTmp/CMakeFiles 1
Building C object CMakeFiles/cmTryCompileExec1547095547.dir/UINT8_T.c.o
/usr/bin/cc   -Wall    -o CMakeFiles/cmTryCompileExec1547095547.dir/UINT8_T.c.o   -c /home/isovic/work/eclipse-workspace/graphmap/libs/libdivsufsort-2.0.1/build/CMakeFiles/CheckTypeSize/UINT8_T.c
Linking C executable cmTryCompileExec1547095547
/usr/bin/cmake -E cmake_link_script CMakeFiles/cmTryCompileExec1547095547.dir/link.txt --verbose=1
/usr/bin/cc   -Wall     CMakeFiles/cmTryCompileExec1547095547.dir/UINT8_T.c.o  -o cmTryCompileExec1547095547 -rdynamic 
make[2]: Leaving directory `/home/isovic/work/eclipse-workspace/graphmap/libs/libdivsufsort-2.0.1/build/CMakeFiles/CMakeTmp'
make[1]: Leaving directory `/home/isovic/work/eclipse-workspace/graphmap/libs/libdivsufsort-2.0.1/build/CMakeFiles/CMakeTmp'


Determining size of int32_t passed with the following output:
Change Dir: /home/isovic/work/eclipse-workspace/graphmap/libs/libdivsufsort-2.0.1/build/CMakeFiles/CMakeTmp

Run Build Command:/usr/bin/make "cmTryCompileExec2927970510/fast"
make[1]: Entering directory `/home/isovic/work/eclipse-workspace/graphmap/libs/libdivsufsort-2.0.1/build/CMakeFiles/CMakeTmp'
/usr/bin/make -f CMakeFiles/cmTryCompileExec2927970510.dir/build.make CMakeFiles/cmTryCompileExec2927970510.dir/build
make[2]: Entering directory `/home/isovic/work/eclipse-workspace/graphmap/libs/libdivsufsort-2.0.1/build/CMakeFiles/CMakeTmp'
/usr/bin/cmake -E cmake_progress_report /home/isovic/work/eclipse-workspace/graphmap/libs/libdivsufsort-2.0.1/build/CMakeFiles/CMakeTmp/CMakeFiles 1
Building C object CMakeFiles/cmTryCompileExec2927970510.dir/INT32_T.c.o
/usr/bin/cc   -Wall    -o CMakeFiles/cmTryCompileExec2927970510.dir/INT32_T.c.o   -c /home/isovic/work/eclipse-workspace/graphmap/libs/libdivsufsort-2.0.1/build/CMakeFiles/CheckTypeSize/INT32_T.c
Linking C executable cmTryCompileExec2927970510
/usr/bin/cmake -E cmake_link_script CMakeFiles/cmTryCompileExec2927970510.dir/link.txt --verbose=1
/usr/bin/cc   -Wall     CMakeFiles/cmTryCompileExec2927970510.dir/INT32_T.c.o  -o cmTryCompileExec2927970510 -rdynamic 
make[2]: Leaving directory `/home/isovic/work/eclipse-workspace/graphmap/libs/libdivsufsort-2.0.1/build/CMakeFiles/CMakeTmp'
make[1]: Leaving directory `/home/isovic/work/eclipse-workspace/graphmap/libs/libdivsufsort-2.0.1/build/CMakeFiles/CMakeTmp'


Determining if the PRId32 exist passed with the following output:
Change Dir: /home/isovic/work/eclipse-workspace/graphmap/libs/libdivsufsort-2.0.1/build/CMakeFiles/CMakeTmp

Run Build Command:/usr/bin/make "cmTryCompileExec1352062010/fast"
make[1]: Entering directory `/home/isovic/work/eclipse-workspace/graphmap/libs/libdivsufsort-2.0.1/build/CMakeFiles/CMakeTmp'
/usr/bin/make -f CMakeFiles/cmTryCompileExec1352062010.dir/build.make CMakeFiles/cmTryCompileExec1352062010.dir/build
make[2]: Entering directory `/home/isovic/work/eclipse-workspace/graphmap/libs/libdivsufsort-2.0.1/build/CMakeFiles/CMakeTmp'
/usr/bin/cmake -E cmake_progress_report /home/isovic/work/eclipse-workspace/graphmap/libs/libdivsufsort-2.0.1/build/CMakeFiles/CMakeTmp/CMakeFiles 1
Building C object CMakeFiles/cmTryCompileExec1352062010.dir/CheckSymbolExists.c.o
/usr/bin/cc   -Wall    -o CMakeFiles/cmTryCompileExec1352062010.dir/CheckSymbolExists.c.o   -c /home/isovic/work/eclipse-workspace/graphmap/libs/libdivsufsort-2.0.1/build/CMakeFiles/CMakeTmp/CheckSymbolExists.c
Linking C executable cmTryCompileExec1352062010
/usr/bin/cmake -E cmake_link_script CMakeFiles/cmTryCompileExec1352062010.dir/link.txt --verbose=1
/usr/bin/cc   -Wall     CMakeFiles/cmTryCompileExec1352062010.dir/CheckSymbolExists.c.o  -o cmTryCompileExec1352062010 -rdynamic 
make[2]: Leaving directory `/home/isovic/work/eclipse-workspace/graphmap/libs/libdivsufsort-2.0.1/build/CMakeFiles/CMakeTmp'
make[1]: Leaving directory `/home/isovic/work/eclipse-workspace/graphmap/libs/libdivsufsort-2.0.1/build/CMakeFiles/CMakeTmp'

File /home/isovic/work/eclipse-workspace/graphmap/libs/libdivsufsort-2.0.1/build/CMakeFiles/CMakeTmp/CheckSymbolExists.c:
/* */
#include <inttypes.h>

int main(int argc, char** argv)
{
  (void)argv;
#ifndef PRId32
  return ((int*)(&PRId32))[argc];
#else
  (void)argc;
  return 0;
#endif
}

Determining size of int64_t passed with the following output:
Change Dir: /home/isovic/work/eclipse-workspace/graphmap/libs/libdivsufsort-2.0.1/build/CMakeFiles/CMakeTmp

Run Build Command:/usr/bin/make "cmTryCompileExec2364294193/fast"
make[1]: Entering directory `/home/isovic/work/eclipse-workspace/graphmap/libs/libdivsufsort-2.0.1/build/CMakeFiles/CMakeTmp'
/usr/bin/make -f CMakeFiles/cmTryCompileExec2364294193.dir/build.make CMakeFiles/cmTryCompileExec2364294193.dir/build
make[2]: Entering directory `/home/isovic/work/eclipse-workspace/graphmap/libs/libdivsufsort-2.0.1/build/CMakeFiles/CMakeTmp'
/usr/bin/cmake -E cmake_progress_report /home/isovic/work/eclipse-workspace/graphmap/libs/libdivsufsort-2.0.1/build/CMakeFiles/CMakeTmp/CMakeFiles 1
Building C object CMakeFiles/cmTryCompileExec2364294193.dir/INT64_T.c.o
/usr/bin/cc   -Wall    -o CMakeFiles/cmTryCompileExec2364294193.dir/INT64_T.c.o   -c /home/isovic/work/eclipse-workspace/graphmap/libs/libdivsufsort-2.0.1/build/CMakeFiles/CheckTypeSize/INT64_T.c
Linking C executable cmTryCompileExec2364294193
/usr/bin/cmake -E cmake_link_script CMakeFiles/cmTryCompileExec2364294193.dir/link.txt --verbose=1
/usr/bin/cc   -Wall     CMakeFiles/cmTryCompileExec2364294193.dir/INT64_T.c.o  -o cmTryCompileExec2364294193 -rdynamic 
make[2]: Leaving directory `/home/isovic/work/eclipse-workspace/graphmap/libs/libdivsufsort-2.0.1/build/CMakeFiles/CMakeTmp'
make[1]: Leaving directory `/home/isovic/work/eclipse-workspace/graphmap/libs/libdivsufsort-2.0.1/build/CMakeFiles/CMakeTmp'


Determining if the PRId64 exist passed with the following output:
Change Dir: /home/isovic/work/eclipse-workspace/graphmap/libs/libdivsufsort-2.0.1/build/CMakeFiles/CMakeTmp

Run Build Command:/usr/bin/make "cmTryCompileExec3958733698/fast"
make[1]: Entering directory `/home/isovic/work/eclipse-workspace/graphmap/libs/libdivsufsort-2.0.1/build/CMakeFiles/CMakeTmp'
/usr/bin/make -f CMakeFiles/cmTryCompileExec3958733698.dir/build.make CMakeFiles/cmTryCompileExec3958733698.dir/build
make[2]: Entering directory `/home/isovic/work/eclipse-workspace/graphmap/libs/libdivsufsort-2.0.1/build/CMakeFiles/CMakeTmp'
/usr/bin/cmake -E cmake_progress_report /home/isovic/work/eclipse-workspace/graphmap/libs/libdivsufsort-2.0.1/build/CMakeFiles/CMakeTmp/CMakeFiles 1
Building C object CMakeFiles/cmTryCompileExec3958733698.dir/CheckSymbolExists.c.o
/usr/bin/cc   -Wall    -o CMakeFiles/cmTryCompileExec3958733698.dir/CheckSymbolExists.c.o   -c /home/isovic/work/eclipse-workspace/graphmap/libs/libdivsufsort-2.0.1/build/CMakeFiles/CMakeTmp/CheckSymbolExists.c
Linking C executable cmTryCompileExec3958733698
/usr/bin/cmake -E cmake_link_script CMakeFiles/cmTryCompileExec3958733698.dir/link.txt --verbose=1
/usr/bin/cc   -Wall     CMakeFiles/cmTryCompileExec3958733698.dir/CheckSymbolExists.c.o  -o cmTryCompileExec3958733698 -rdynamic 
make[2]: Leaving directory `/home/isovic/work/eclipse-workspace/graphmap/libs/libdivsufsort-2.0.1/build/CMakeFiles/CMakeTmp'
make[1]: Leaving directory `/home/isovic/work/eclipse-workspace/graphmap/libs/libdivsufsort-2.0.1/build/CMakeFiles/CMakeTmp'

File /home/isovic/work/eclipse-workspace/graphmap/libs/libdivsufsort-2.0.1/build/CMakeFiles/CMakeTmp/CheckSymbolExists.c:
/* */
#include <inttypes.h>

int main(int argc, char** argv)
{
  (void)argv;
#ifndef PRId64
  return ((int*)(&PRId64))[argc];
#else
  (void)argc;
  return 0;
#endif
}

